<?xml version="1.0" encoding="UTF-8"?>
<testsuite name="com.ll.AppTests" tests="1" skipped="0" failures="0" errors="0" timestamp="2023-03-06T17:02:09" hostname="DESKTOP-LCEDRIH" time="0.045">
  <properties/>
  <testcase name="목록을 입력하면 번호 / 작가 / 명언 이 나와야 한다." classname="com.ll.AppTests" time="0.045"/>
  <system-out><![CDATA[]]></system-out>
  <system-err><![CDATA[]]></system-err>
</testsuite>
